<?xml version="1.0" encoding="UTF-8"?>
<!-- Generated by org.testng.reporters.JUnitReportReporter -->
<testsuite skipped="0" hostname="ALTHAF" name="com.tests.FirstTest" tests="1" failures="0" timestamp="03 Nov 2020 17:46:52 GMT" time="61.708" errors="0">
  <testcase name="test1" time="61.708" classname="com.tests.FirstTest"/>
</testsuite> <!-- com.tests.FirstTest -->
