<?xml version="1.0" encoding="UTF-8"?>
<!-- Generated by org.testng.reporters.JUnitReportReporter -->
<testsuite skipped="0" hostname="ALTHAF" name="com.tests.FirstTest" tests="1" failures="0" timestamp="2020-11-03T23:14:51 IST" time="68.182" errors="0">
  <testcase name="test1" time="68.182" classname="com.tests.FirstTest"/>
  <system-out/>
</testsuite> <!-- com.tests.FirstTest -->
